{"level":30,"time":1751473406266,"pid":34660,"hostname":"TomPC","method":"POST","url":"/api/auth/login","ip":"::1","time":"2025-07-02T16:23:26.266Z"}
{"level":30,"time":1751473407537,"pid":34660,"hostname":"TomPC","method":"GET","url":"/api/users","ip":"::1","time":"2025-07-02T16:23:27.537Z"}
{"level":30,"time":1751473407575,"pid":34660,"hostname":"TomPC","method":"GET","url":"/api/admin/logs/startup","ip":"::1","time":"2025-07-02T16:23:27.575Z"}
{"level":30,"time":1751473407584,"pid":34660,"hostname":"TomPC","method":"GET","url":"/api/users","ip":"::1","time":"2025-07-02T16:23:27.584Z"}
{"level":30,"time":1751473407934,"pid":34660,"hostname":"TomPC","method":"GET","url":"/api/admin/logs/startup","ip":"::1","time":"2025-07-02T16:23:27.934Z"}
{"level":30,"time":1751473728102,"pid":37640,"hostname":"TomPC","method":"GET","url":"/api/admin/system/resources","ip":"::1","time":"2025-07-02T16:28:48.102Z"}
{"level":30,"time":1751473728113,"pid":37640,"hostname":"TomPC","method":"GET","url":"/api/users","ip":"::1","time":"2025-07-02T16:28:48.113Z"}
{"level":30,"time":1751473728130,"pid":37640,"hostname":"TomPC","method":"GET","url":"/api/admin/logs/startup","ip":"::1","time":"2025-07-02T16:28:48.130Z"}
{"level":30,"time":1751473899368,"pid":37640,"hostname":"TomPC","method":"GET","url":"/api/users","ip":"::1","time":"2025-07-02T16:31:39.368Z"}
{"level":30,"time":1751473899372,"pid":37640,"hostname":"TomPC","method":"GET","url":"/api/admin/logs/startup","ip":"::1","time":"2025-07-02T16:31:39.372Z"}
{"level":30,"time":1751473899378,"pid":37640,"hostname":"TomPC","method":"GET","url":"/api/admin/system/resources","ip":"::1","time":"2025-07-02T16:31:39.378Z"}
{"level":30,"time":1751473899382,"pid":37640,"hostname":"TomPC","method":"GET","url":"/api/admin/logs/auth","ip":"::1","time":"2025-07-02T16:31:39.382Z"}
{"level":30,"time":1751473899384,"pid":37640,"hostname":"TomPC","method":"GET","url":"/api/admin/logs/user","ip":"::1","time":"2025-07-02T16:31:39.383Z"}
{"level":30,"time":1751473899388,"pid":37640,"hostname":"TomPC","method":"GET","url":"/api/admin/logs/errors","ip":"::1","time":"2025-07-02T16:31:39.388Z"}
{"level":30,"time":1751473899395,"pid":37640,"hostname":"TomPC","method":"GET","url":"/api/admin/logs/requests","ip":"::1","time":"2025-07-02T16:31:39.395Z"}
{"level":30,"time":1751473899398,"pid":37640,"hostname":"TomPC","method":"GET","url":"/api/admin/logs/startup","ip":"::1","time":"2025-07-02T16:31:39.398Z"}
{"level":30,"time":1751473900084,"pid":37640,"hostname":"TomPC","method":"GET","url":"/api/admin/system/resources","ip":"::1","time":"2025-07-02T16:31:40.084Z"}
{"level":30,"time":1751473901081,"pid":37640,"hostname":"TomPC","method":"GET","url":"/api/admin/system/resources","ip":"::1","time":"2025-07-02T16:31:41.081Z"}
{"level":30,"time":1751473902074,"pid":37640,"hostname":"TomPC","method":"GET","url":"/api/admin/system/resources","ip":"::1","time":"2025-07-02T16:31:42.074Z"}
{"level":30,"time":1751473903076,"pid":37640,"hostname":"TomPC","method":"GET","url":"/api/admin/system/resources","ip":"::1","time":"2025-07-02T16:31:43.076Z"}
{"level":30,"time":1751473904077,"pid":37640,"hostname":"TomPC","method":"GET","url":"/api/admin/system/resources","ip":"::1","time":"2025-07-02T16:31:44.077Z"}
{"level":30,"time":1751473905087,"pid":37640,"hostname":"TomPC","method":"GET","url":"/api/admin/system/resources","ip":"::1","time":"2025-07-02T16:31:45.087Z"}
{"level":30,"time":1751473905090,"pid":37640,"hostname":"TomPC","method":"GET","url":"/api/admin/logs/startup","ip":"::1","time":"2025-07-02T16:31:45.090Z"}
{"level":30,"time":1751473905095,"pid":37640,"hostname":"TomPC","method":"GET","url":"/api/admin/logs/auth","ip":"::1","time":"2025-07-02T16:31:45.095Z"}
{"level":30,"time":1751473905097,"pid":37640,"hostname":"TomPC","method":"GET","url":"/api/admin/logs/user","ip":"::1","time":"2025-07-02T16:31:45.097Z"}
{"level":30,"time":1751473905098,"pid":37640,"hostname":"TomPC","method":"GET","url":"/api/admin/logs/errors","ip":"::1","time":"2025-07-02T16:31:45.098Z"}
{"level":30,"time":1751473905101,"pid":37640,"hostname":"TomPC","method":"GET","url":"/api/admin/logs/requests","ip":"::1","time":"2025-07-02T16:31:45.101Z"}
{"level":30,"time":1751473906077,"pid":37640,"hostname":"TomPC","method":"GET","url":"/api/admin/system/resources","ip":"::1","time":"2025-07-02T16:31:46.077Z"}
{"level":30,"time":1751473907075,"pid":37640,"hostname":"TomPC","method":"GET","url":"/api/admin/system/resources","ip":"::1","time":"2025-07-02T16:31:47.075Z"}
{"level":30,"time":1751473908075,"pid":37640,"hostname":"TomPC","method":"GET","url":"/api/admin/system/resources","ip":"::1","time":"2025-07-02T16:31:48.075Z"}
{"level":30,"time":1751473909075,"pid":37640,"hostname":"TomPC","method":"GET","url":"/api/admin/system/resources","ip":"::1","time":"2025-07-02T16:31:49.075Z"}
{"level":30,"time":1751473910077,"pid":37640,"hostname":"TomPC","method":"GET","url":"/api/admin/system/resources","ip":"::1","time":"2025-07-02T16:31:50.077Z"}
{"level":30,"time":1751473910079,"pid":37640,"hostname":"TomPC","method":"GET","url":"/api/admin/logs/startup","ip":"::1","time":"2025-07-02T16:31:50.079Z"}
{"level":30,"time":1751473910081,"pid":37640,"hostname":"TomPC","method":"GET","url":"/api/admin/logs/auth","ip":"::1","time":"2025-07-02T16:31:50.081Z"}
{"level":30,"time":1751473910082,"pid":37640,"hostname":"TomPC","method":"GET","url":"/api/admin/logs/user","ip":"::1","time":"2025-07-02T16:31:50.082Z"}
{"level":30,"time":1751473910083,"pid":37640,"hostname":"TomPC","method":"GET","url":"/api/admin/logs/errors","ip":"::1","time":"2025-07-02T16:31:50.083Z"}
{"level":30,"time":1751473910084,"pid":37640,"hostname":"TomPC","method":"GET","url":"/api/admin/logs/requests","ip":"::1","time":"2025-07-02T16:31:50.084Z"}
{"level":30,"time":1751473911078,"pid":37640,"hostname":"TomPC","method":"GET","url":"/api/admin/system/resources","ip":"::1","time":"2025-07-02T16:31:51.078Z"}
{"level":30,"time":1751473912074,"pid":37640,"hostname":"TomPC","method":"GET","url":"/api/admin/system/resources","ip":"::1","time":"2025-07-02T16:31:52.074Z"}
{"level":30,"time":1751473913075,"pid":37640,"hostname":"TomPC","method":"GET","url":"/api/admin/system/resources","ip":"::1","time":"2025-07-02T16:31:53.075Z"}
{"level":30,"time":1751473914073,"pid":37640,"hostname":"TomPC","method":"GET","url":"/api/admin/system/resources","ip":"::1","time":"2025-07-02T16:31:54.073Z"}
{"level":30,"time":1751473915076,"pid":37640,"hostname":"TomPC","method":"GET","url":"/api/admin/system/resources","ip":"::1","time":"2025-07-02T16:31:55.076Z"}
{"level":30,"time":1751473915085,"pid":37640,"hostname":"TomPC","method":"GET","url":"/api/admin/logs/startup","ip":"::1","time":"2025-07-02T16:31:55.085Z"}
{"level":30,"time":1751473915087,"pid":37640,"hostname":"TomPC","method":"GET","url":"/api/admin/logs/auth","ip":"::1","time":"2025-07-02T16:31:55.087Z"}
{"level":30,"time":1751473915088,"pid":37640,"hostname":"TomPC","method":"GET","url":"/api/admin/logs/user","ip":"::1","time":"2025-07-02T16:31:55.088Z"}
{"level":30,"time":1751473915089,"pid":37640,"hostname":"TomPC","method":"GET","url":"/api/admin/logs/errors","ip":"::1","time":"2025-07-02T16:31:55.089Z"}
{"level":30,"time":1751473915090,"pid":37640,"hostname":"TomPC","method":"GET","url":"/api/admin/logs/requests","ip":"::1","time":"2025-07-02T16:31:55.090Z"}
{"level":30,"time":1751473916075,"pid":37640,"hostname":"TomPC","method":"GET","url":"/api/admin/system/resources","ip":"::1","time":"2025-07-02T16:31:56.075Z"}
{"level":30,"time":1751473917077,"pid":37640,"hostname":"TomPC","method":"GET","url":"/api/admin/system/resources","ip":"::1","time":"2025-07-02T16:31:57.077Z"}
{"level":30,"time":1751473918074,"pid":37640,"hostname":"TomPC","method":"GET","url":"/api/admin/system/resources","ip":"::1","time":"2025-07-02T16:31:58.074Z"}
{"level":30,"time":1751473919075,"pid":37640,"hostname":"TomPC","method":"GET","url":"/api/admin/system/resources","ip":"::1","time":"2025-07-02T16:31:59.075Z"}
{"level":30,"time":1751473920074,"pid":37640,"hostname":"TomPC","method":"GET","url":"/api/admin/system/resources","ip":"::1","time":"2025-07-02T16:32:00.074Z"}
{"level":30,"time":1751473920076,"pid":37640,"hostname":"TomPC","method":"GET","url":"/api/admin/logs/startup","ip":"::1","time":"2025-07-02T16:32:00.076Z"}
{"level":30,"time":1751473920078,"pid":37640,"hostname":"TomPC","method":"GET","url":"/api/admin/logs/auth","ip":"::1","time":"2025-07-02T16:32:00.078Z"}
{"level":30,"time":1751473920079,"pid":37640,"hostname":"TomPC","method":"GET","url":"/api/admin/logs/user","ip":"::1","time":"2025-07-02T16:32:00.079Z"}
{"level":30,"time":1751473920081,"pid":37640,"hostname":"TomPC","method":"GET","url":"/api/admin/logs/errors","ip":"::1","time":"2025-07-02T16:32:00.081Z"}
{"level":30,"time":1751473920083,"pid":37640,"hostname":"TomPC","method":"GET","url":"/api/admin/logs/requests","ip":"::1","time":"2025-07-02T16:32:00.083Z"}
{"level":30,"time":1751473921074,"pid":37640,"hostname":"TomPC","method":"GET","url":"/api/admin/system/resources","ip":"::1","time":"2025-07-02T16:32:01.074Z"}
{"level":30,"time":1751473922076,"pid":37640,"hostname":"TomPC","method":"GET","url":"/api/admin/system/resources","ip":"::1","time":"2025-07-02T16:32:02.076Z"}
{"level":30,"time":1751473923076,"pid":37640,"hostname":"TomPC","method":"GET","url":"/api/admin/system/resources","ip":"::1","time":"2025-07-02T16:32:03.076Z"}
{"level":30,"time":1751473924075,"pid":37640,"hostname":"TomPC","method":"GET","url":"/api/admin/system/resources","ip":"::1","time":"2025-07-02T16:32:04.075Z"}
{"level":30,"time":1751473925074,"pid":37640,"hostname":"TomPC","method":"GET","url":"/api/admin/system/resources","ip":"::1","time":"2025-07-02T16:32:05.074Z"}
{"level":30,"time":1751473925089,"pid":37640,"hostname":"TomPC","method":"GET","url":"/api/admin/logs/startup","ip":"::1","time":"2025-07-02T16:32:05.089Z"}
{"level":30,"time":1751473925090,"pid":37640,"hostname":"TomPC","method":"GET","url":"/api/admin/logs/auth","ip":"::1","time":"2025-07-02T16:32:05.090Z"}
{"level":30,"time":1751473925092,"pid":37640,"hostname":"TomPC","method":"GET","url":"/api/admin/logs/user","ip":"::1","time":"2025-07-02T16:32:05.092Z"}
{"level":30,"time":1751473925093,"pid":37640,"hostname":"TomPC","method":"GET","url":"/api/admin/logs/errors","ip":"::1","time":"2025-07-02T16:32:05.093Z"}
{"level":30,"time":1751473925098,"pid":37640,"hostname":"TomPC","method":"GET","url":"/api/admin/logs/requests","ip":"::1","time":"2025-07-02T16:32:05.098Z"}
{"level":30,"time":1751473926074,"pid":37640,"hostname":"TomPC","method":"GET","url":"/api/admin/system/resources","ip":"::1","time":"2025-07-02T16:32:06.074Z"}
{"level":30,"time":1751473927074,"pid":37640,"hostname":"TomPC","method":"GET","url":"/api/admin/system/resources","ip":"::1","time":"2025-07-02T16:32:07.074Z"}
{"level":30,"time":1751473928073,"pid":37640,"hostname":"TomPC","method":"GET","url":"/api/admin/system/resources","ip":"::1","time":"2025-07-02T16:32:08.073Z"}
{"level":30,"time":1751473929079,"pid":37640,"hostname":"TomPC","method":"GET","url":"/api/admin/system/resources","ip":"::1","time":"2025-07-02T16:32:09.079Z"}
{"level":30,"time":1751473930074,"pid":37640,"hostname":"TomPC","method":"GET","url":"/api/admin/system/resources","ip":"::1","time":"2025-07-02T16:32:10.074Z"}
{"level":30,"time":1751473930077,"pid":37640,"hostname":"TomPC","method":"GET","url":"/api/admin/logs/startup","ip":"::1","time":"2025-07-02T16:32:10.077Z"}
{"level":30,"time":1751473930079,"pid":37640,"hostname":"TomPC","method":"GET","url":"/api/admin/logs/auth","ip":"::1","time":"2025-07-02T16:32:10.079Z"}
{"level":30,"time":1751473930080,"pid":37640,"hostname":"TomPC","method":"GET","url":"/api/admin/logs/user","ip":"::1","time":"2025-07-02T16:32:10.080Z"}
{"level":30,"time":1751473930082,"pid":37640,"hostname":"TomPC","method":"GET","url":"/api/admin/logs/errors","ip":"::1","time":"2025-07-02T16:32:10.082Z"}
{"level":30,"time":1751473930084,"pid":37640,"hostname":"TomPC","method":"GET","url":"/api/admin/logs/requests","ip":"::1","time":"2025-07-02T16:32:10.084Z"}
{"level":30,"time":1751473931077,"pid":37640,"hostname":"TomPC","method":"GET","url":"/api/admin/system/resources","ip":"::1","time":"2025-07-02T16:32:11.077Z"}
{"level":30,"time":1751473932074,"pid":37640,"hostname":"TomPC","method":"GET","url":"/api/admin/system/resources","ip":"::1","time":"2025-07-02T16:32:12.074Z"}
{"level":30,"time":1751473933074,"pid":37640,"hostname":"TomPC","method":"GET","url":"/api/admin/system/resources","ip":"::1","time":"2025-07-02T16:32:13.074Z"}
{"level":30,"time":1751473934073,"pid":37640,"hostname":"TomPC","method":"GET","url":"/api/admin/system/resources","ip":"::1","time":"2025-07-02T16:32:14.073Z"}
{"level":30,"time":1751473935082,"pid":37640,"hostname":"TomPC","method":"GET","url":"/api/admin/system/resources","ip":"::1","time":"2025-07-02T16:32:15.082Z"}
{"level":30,"time":1751473935085,"pid":37640,"hostname":"TomPC","method":"GET","url":"/api/admin/logs/startup","ip":"::1","time":"2025-07-02T16:32:15.085Z"}
{"level":30,"time":1751473935087,"pid":37640,"hostname":"TomPC","method":"GET","url":"/api/admin/logs/auth","ip":"::1","time":"2025-07-02T16:32:15.087Z"}
{"level":30,"time":1751473935089,"pid":37640,"hostname":"TomPC","method":"GET","url":"/api/admin/logs/user","ip":"::1","time":"2025-07-02T16:32:15.089Z"}
{"level":30,"time":1751473935090,"pid":37640,"hostname":"TomPC","method":"GET","url":"/api/admin/logs/errors","ip":"::1","time":"2025-07-02T16:32:15.090Z"}
{"level":30,"time":1751473935091,"pid":37640,"hostname":"TomPC","method":"GET","url":"/api/admin/logs/requests","ip":"::1","time":"2025-07-02T16:32:15.091Z"}
{"level":30,"time":1751473936076,"pid":37640,"hostname":"TomPC","method":"GET","url":"/api/admin/system/resources","ip":"::1","time":"2025-07-02T16:32:16.076Z"}
{"level":30,"time":1751473937074,"pid":37640,"hostname":"TomPC","method":"GET","url":"/api/admin/system/resources","ip":"::1","time":"2025-07-02T16:32:17.074Z"}
{"level":30,"time":1751473938074,"pid":37640,"hostname":"TomPC","method":"GET","url":"/api/admin/system/resources","ip":"::1","time":"2025-07-02T16:32:18.074Z"}
{"level":30,"time":1751473948188,"pid":37640,"hostname":"TomPC","method":"GET","url":"/api/admin/system/resources","ip":"::1","time":"2025-07-02T16:32:28.188Z"}
{"level":30,"time":1751473948289,"pid":37640,"hostname":"TomPC","method":"GET","url":"/api/admin/logs/startup","ip":"::1","time":"2025-07-02T16:32:28.288Z"}
{"level":30,"time":1751473948291,"pid":37640,"hostname":"TomPC","method":"GET","url":"/api/admin/logs/auth","ip":"::1","time":"2025-07-02T16:32:28.291Z"}
{"level":30,"time":1751473948293,"pid":37640,"hostname":"TomPC","method":"GET","url":"/api/admin/logs/user","ip":"::1","time":"2025-07-02T16:32:28.293Z"}
{"level":30,"time":1751473948294,"pid":37640,"hostname":"TomPC","method":"GET","url":"/api/admin/logs/errors","ip":"::1","time":"2025-07-02T16:32:28.294Z"}
{"level":30,"time":1751473948300,"pid":37640,"hostname":"TomPC","method":"GET","url":"/api/admin/logs/requests","ip":"::1","time":"2025-07-02T16:32:28.300Z"}
{"level":30,"time":1751473948362,"pid":37640,"hostname":"TomPC","method":"GET","url":"/api/admin/system/resources","ip":"::1","time":"2025-07-02T16:32:28.362Z"}
{"level":30,"time":1751473948863,"pid":37640,"hostname":"TomPC","method":"GET","url":"/api/admin/system/resources","ip":"::1","time":"2025-07-02T16:32:28.863Z"}
{"level":30,"time":1751473949368,"pid":37640,"hostname":"TomPC","method":"GET","url":"/api/admin/system/resources","ip":"::1","time":"2025-07-02T16:32:29.368Z"}
{"level":30,"time":1751473949371,"pid":37640,"hostname":"TomPC","method":"GET","url":"/api/admin/logs/startup","ip":"::1","time":"2025-07-02T16:32:29.371Z"}
{"level":30,"time":1751473949373,"pid":37640,"hostname":"TomPC","method":"GET","url":"/api/admin/logs/auth","ip":"::1","time":"2025-07-02T16:32:29.373Z"}
{"level":30,"time":1751473949376,"pid":37640,"hostname":"TomPC","method":"GET","url":"/api/admin/logs/user","ip":"::1","time":"2025-07-02T16:32:29.375Z"}
{"level":30,"time":1751473949377,"pid":37640,"hostname":"TomPC","method":"GET","url":"/api/admin/logs/errors","ip":"::1","time":"2025-07-02T16:32:29.377Z"}
{"level":30,"time":1751473949379,"pid":37640,"hostname":"TomPC","method":"GET","url":"/api/admin/logs/requests","ip":"::1","time":"2025-07-02T16:32:29.379Z"}
{"level":30,"time":1751473949872,"pid":37640,"hostname":"TomPC","method":"GET","url":"/api/admin/system/resources","ip":"::1","time":"2025-07-02T16:32:29.872Z"}
{"level":30,"time":1751473950363,"pid":37640,"hostname":"TomPC","method":"GET","url":"/api/admin/system/resources","ip":"::1","time":"2025-07-02T16:32:30.363Z"}
{"level":30,"time":1751473950866,"pid":37640,"hostname":"TomPC","method":"GET","url":"/api/admin/system/resources","ip":"::1","time":"2025-07-02T16:32:30.866Z"}
{"level":30,"time":1751473951362,"pid":37640,"hostname":"TomPC","method":"GET","url":"/api/admin/system/resources","ip":"::1","time":"2025-07-02T16:32:31.362Z"}
{"level":30,"time":1751473951861,"pid":37640,"hostname":"TomPC","method":"GET","url":"/api/admin/system/resources","ip":"::1","time":"2025-07-02T16:32:31.861Z"}
{"level":30,"time":1751473952362,"pid":37640,"hostname":"TomPC","method":"GET","url":"/api/admin/system/resources","ip":"::1","time":"2025-07-02T16:32:32.362Z"}
{"level":30,"time":1751473952961,"pid":37640,"hostname":"TomPC","method":"GET","url":"/api/admin/system/resources","ip":"::1","time":"2025-07-02T16:32:32.961Z"}
{"level":30,"time":1751473953367,"pid":37640,"hostname":"TomPC","method":"GET","url":"/api/admin/system/resources","ip":"::1","time":"2025-07-02T16:32:33.367Z"}
{"level":30,"time":1751473953862,"pid":37640,"hostname":"TomPC","method":"GET","url":"/api/admin/system/resources","ip":"::1","time":"2025-07-02T16:32:33.862Z"}
{"level":30,"time":1751473954378,"pid":37640,"hostname":"TomPC","method":"GET","url":"/api/admin/system/resources","ip":"::1","time":"2025-07-02T16:32:34.378Z"}
{"level":30,"time":1751473954389,"pid":37640,"hostname":"TomPC","method":"GET","url":"/api/admin/logs/startup","ip":"::1","time":"2025-07-02T16:32:34.389Z"}
{"level":30,"time":1751473954391,"pid":37640,"hostname":"TomPC","method":"GET","url":"/api/admin/logs/auth","ip":"::1","time":"2025-07-02T16:32:34.391Z"}
{"level":30,"time":1751473954392,"pid":37640,"hostname":"TomPC","method":"GET","url":"/api/admin/logs/user","ip":"::1","time":"2025-07-02T16:32:34.392Z"}
{"level":30,"time":1751473954395,"pid":37640,"hostname":"TomPC","method":"GET","url":"/api/admin/logs/errors","ip":"::1","time":"2025-07-02T16:32:34.395Z"}
{"level":30,"time":1751473954397,"pid":37640,"hostname":"TomPC","method":"GET","url":"/api/admin/logs/requests","ip":"::1","time":"2025-07-02T16:32:34.397Z"}
{"level":30,"time":1751473954871,"pid":37640,"hostname":"TomPC","method":"GET","url":"/api/admin/system/resources","ip":"::1","time":"2025-07-02T16:32:34.871Z"}
{"level":30,"time":1751473955361,"pid":37640,"hostname":"TomPC","method":"GET","url":"/api/admin/system/resources","ip":"::1","time":"2025-07-02T16:32:35.361Z"}
{"level":30,"time":1751473955862,"pid":37640,"hostname":"TomPC","method":"GET","url":"/api/admin/system/resources","ip":"::1","time":"2025-07-02T16:32:35.862Z"}
{"level":30,"time":1751473956455,"pid":37640,"hostname":"TomPC","method":"GET","url":"/api/admin/system/resources","ip":"::1","time":"2025-07-02T16:32:36.455Z"}
{"level":30,"time":1751473956867,"pid":37640,"hostname":"TomPC","method":"GET","url":"/api/admin/system/resources","ip":"::1","time":"2025-07-02T16:32:36.867Z"}
{"level":30,"time":1751473957362,"pid":37640,"hostname":"TomPC","method":"GET","url":"/api/admin/system/resources","ip":"::1","time":"2025-07-02T16:32:37.361Z"}
{"level":30,"time":1751473957862,"pid":37640,"hostname":"TomPC","method":"GET","url":"/api/admin/system/resources","ip":"::1","time":"2025-07-02T16:32:37.862Z"}
{"level":30,"time":1751473958365,"pid":37640,"hostname":"TomPC","method":"GET","url":"/api/admin/system/resources","ip":"::1","time":"2025-07-02T16:32:38.365Z"}
{"level":30,"time":1751473959016,"pid":37640,"hostname":"TomPC","method":"GET","url":"/api/admin/system/resources","ip":"::1","time":"2025-07-02T16:32:39.016Z"}
{"level":30,"time":1751473959490,"pid":37640,"hostname":"TomPC","method":"GET","url":"/api/admin/system/resources","ip":"::1","time":"2025-07-02T16:32:39.490Z"}
{"level":30,"time":1751473959502,"pid":37640,"hostname":"TomPC","method":"GET","url":"/api/admin/logs/startup","ip":"::1","time":"2025-07-02T16:32:39.502Z"}
{"level":30,"time":1751473959504,"pid":37640,"hostname":"TomPC","method":"GET","url":"/api/admin/logs/auth","ip":"::1","time":"2025-07-02T16:32:39.504Z"}
{"level":30,"time":1751473959506,"pid":37640,"hostname":"TomPC","method":"GET","url":"/api/admin/logs/user","ip":"::1","time":"2025-07-02T16:32:39.506Z"}
{"level":30,"time":1751473959507,"pid":37640,"hostname":"TomPC","method":"GET","url":"/api/admin/logs/errors","ip":"::1","time":"2025-07-02T16:32:39.507Z"}
{"level":30,"time":1751473959509,"pid":37640,"hostname":"TomPC","method":"GET","url":"/api/admin/logs/requests","ip":"::1","time":"2025-07-02T16:32:39.509Z"}
{"level":30,"time":1751473959865,"pid":37640,"hostname":"TomPC","method":"GET","url":"/api/admin/system/resources","ip":"::1","time":"2025-07-02T16:32:39.865Z"}
{"level":30,"time":1751473960422,"pid":37640,"hostname":"TomPC","method":"GET","url":"/api/admin/system/resources","ip":"::1","time":"2025-07-02T16:32:40.422Z"}
{"level":30,"time":1751473960863,"pid":37640,"hostname":"TomPC","method":"GET","url":"/api/admin/system/resources","ip":"::1","time":"2025-07-02T16:32:40.863Z"}
{"level":30,"time":1751473961366,"pid":37640,"hostname":"TomPC","method":"GET","url":"/api/admin/system/resources","ip":"::1","time":"2025-07-02T16:32:41.365Z"}
{"level":30,"time":1751473961863,"pid":37640,"hostname":"TomPC","method":"GET","url":"/api/admin/system/resources","ip":"::1","time":"2025-07-02T16:32:41.863Z"}
{"level":30,"time":1751473962486,"pid":37640,"hostname":"TomPC","method":"GET","url":"/api/admin/system/resources","ip":"::1","time":"2025-07-02T16:32:42.486Z"}
{"level":30,"time":1751473963021,"pid":37640,"hostname":"TomPC","method":"GET","url":"/api/admin/system/resources","ip":"::1","time":"2025-07-02T16:32:43.021Z"}
{"level":30,"time":1751473963363,"pid":37640,"hostname":"TomPC","method":"GET","url":"/api/admin/system/resources","ip":"::1","time":"2025-07-02T16:32:43.363Z"}
{"level":30,"time":1751473963967,"pid":37640,"hostname":"TomPC","method":"GET","url":"/api/admin/system/resources","ip":"::1","time":"2025-07-02T16:32:43.967Z"}
{"level":30,"time":1751473964381,"pid":37640,"hostname":"TomPC","method":"GET","url":"/api/admin/logs/startup","ip":"::1","time":"2025-07-02T16:32:44.381Z"}
{"level":30,"time":1751473964383,"pid":37640,"hostname":"TomPC","method":"GET","url":"/api/admin/logs/auth","ip":"::1","time":"2025-07-02T16:32:44.383Z"}
{"level":30,"time":1751473964384,"pid":37640,"hostname":"TomPC","method":"GET","url":"/api/admin/logs/user","ip":"::1","time":"2025-07-02T16:32:44.384Z"}
{"level":30,"time":1751473964387,"pid":37640,"hostname":"TomPC","method":"GET","url":"/api/admin/logs/errors","ip":"::1","time":"2025-07-02T16:32:44.387Z"}
{"level":30,"time":1751473964388,"pid":37640,"hostname":"TomPC","method":"GET","url":"/api/admin/logs/requests","ip":"::1","time":"2025-07-02T16:32:44.388Z"}
{"level":30,"time":1751473964390,"pid":37640,"hostname":"TomPC","method":"GET","url":"/api/admin/system/resources","ip":"::1","time":"2025-07-02T16:32:44.389Z"}
{"level":30,"time":1751473964970,"pid":37640,"hostname":"TomPC","method":"GET","url":"/api/admin/system/resources","ip":"::1","time":"2025-07-02T16:32:44.970Z"}
{"level":30,"time":1751473965365,"pid":37640,"hostname":"TomPC","method":"GET","url":"/api/admin/system/resources","ip":"::1","time":"2025-07-02T16:32:45.365Z"}
{"level":30,"time":1751473965863,"pid":37640,"hostname":"TomPC","method":"GET","url":"/api/admin/system/resources","ip":"::1","time":"2025-07-02T16:32:45.863Z"}
{"level":30,"time":1751473966444,"pid":37640,"hostname":"TomPC","method":"GET","url":"/api/admin/system/resources","ip":"::1","time":"2025-07-02T16:32:46.444Z"}
{"level":30,"time":1751473966865,"pid":37640,"hostname":"TomPC","method":"GET","url":"/api/admin/system/resources","ip":"::1","time":"2025-07-02T16:32:46.865Z"}
{"level":30,"time":1751473967371,"pid":37640,"hostname":"TomPC","method":"GET","url":"/api/admin/system/resources","ip":"::1","time":"2025-07-02T16:32:47.371Z"}
{"level":30,"time":1751473967862,"pid":37640,"hostname":"TomPC","method":"GET","url":"/api/admin/system/resources","ip":"::1","time":"2025-07-02T16:32:47.862Z"}
{"level":30,"time":1751473968362,"pid":37640,"hostname":"TomPC","method":"GET","url":"/api/admin/system/resources","ip":"::1","time":"2025-07-02T16:32:48.362Z"}
{"level":30,"time":1751473968861,"pid":37640,"hostname":"TomPC","method":"GET","url":"/api/admin/system/resources","ip":"::1","time":"2025-07-02T16:32:48.861Z"}
{"level":30,"time":1751473969371,"pid":37640,"hostname":"TomPC","method":"GET","url":"/api/admin/system/resources","ip":"::1","time":"2025-07-02T16:32:49.371Z"}
{"level":30,"time":1751473969385,"pid":37640,"hostname":"TomPC","method":"GET","url":"/api/admin/logs/startup","ip":"::1","time":"2025-07-02T16:32:49.385Z"}
{"level":30,"time":1751473969387,"pid":37640,"hostname":"TomPC","method":"GET","url":"/api/admin/logs/auth","ip":"::1","time":"2025-07-02T16:32:49.387Z"}
{"level":30,"time":1751473969389,"pid":37640,"hostname":"TomPC","method":"GET","url":"/api/admin/logs/user","ip":"::1","time":"2025-07-02T16:32:49.389Z"}
{"level":30,"time":1751473969390,"pid":37640,"hostname":"TomPC","method":"GET","url":"/api/admin/logs/errors","ip":"::1","time":"2025-07-02T16:32:49.390Z"}
{"level":30,"time":1751473969392,"pid":37640,"hostname":"TomPC","method":"GET","url":"/api/admin/logs/requests","ip":"::1","time":"2025-07-02T16:32:49.391Z"}
{"level":30,"time":1751473969928,"pid":37640,"hostname":"TomPC","method":"GET","url":"/api/admin/system/resources","ip":"::1","time":"2025-07-02T16:32:49.928Z"}
{"level":30,"time":1751473970362,"pid":37640,"hostname":"TomPC","method":"GET","url":"/api/admin/system/resources","ip":"::1","time":"2025-07-02T16:32:50.362Z"}
{"level":30,"time":1751473972049,"pid":37640,"hostname":"TomPC","method":"GET","url":"/api/admin/system/resources","ip":"::1","time":"2025-07-02T16:32:52.049Z"}
{"level":30,"time":1751473972366,"pid":37640,"hostname":"TomPC","method":"GET","url":"/api/admin/system/resources","ip":"::1","time":"2025-07-02T16:32:52.366Z"}
{"level":30,"time":1751473973077,"pid":37640,"hostname":"TomPC","method":"GET","url":"/api/admin/system/resources","ip":"::1","time":"2025-07-02T16:32:53.077Z"}
{"level":30,"time":1751473974075,"pid":37640,"hostname":"TomPC","method":"GET","url":"/api/admin/system/resources","ip":"::1","time":"2025-07-02T16:32:54.075Z"}
{"level":30,"time":1751473975079,"pid":37640,"hostname":"TomPC","method":"GET","url":"/api/admin/system/resources","ip":"::1","time":"2025-07-02T16:32:55.079Z"}
{"level":30,"time":1751473975089,"pid":37640,"hostname":"TomPC","method":"GET","url":"/api/admin/logs/startup","ip":"::1","time":"2025-07-02T16:32:55.089Z"}
{"level":30,"time":1751473975090,"pid":37640,"hostname":"TomPC","method":"GET","url":"/api/admin/logs/auth","ip":"::1","time":"2025-07-02T16:32:55.090Z"}
{"level":30,"time":1751473975101,"pid":37640,"hostname":"TomPC","method":"GET","url":"/api/admin/logs/user","ip":"::1","time":"2025-07-02T16:32:55.101Z"}
{"level":30,"time":1751473975103,"pid":37640,"hostname":"TomPC","method":"GET","url":"/api/admin/logs/errors","ip":"::1","time":"2025-07-02T16:32:55.103Z"}
{"level":30,"time":1751473975113,"pid":37640,"hostname":"TomPC","method":"GET","url":"/api/admin/logs/requests","ip":"::1","time":"2025-07-02T16:32:55.113Z"}
{"level":30,"time":1751473976076,"pid":37640,"hostname":"TomPC","method":"GET","url":"/api/admin/system/resources","ip":"::1","time":"2025-07-02T16:32:56.076Z"}
{"level":30,"time":1751473977075,"pid":37640,"hostname":"TomPC","method":"GET","url":"/api/admin/system/resources","ip":"::1","time":"2025-07-02T16:32:57.075Z"}
{"level":30,"time":1751473978074,"pid":37640,"hostname":"TomPC","method":"GET","url":"/api/admin/system/resources","ip":"::1","time":"2025-07-02T16:32:58.074Z"}
{"level":30,"time":1751473979078,"pid":37640,"hostname":"TomPC","method":"GET","url":"/api/admin/system/resources","ip":"::1","time":"2025-07-02T16:32:59.078Z"}
{"level":30,"time":1751473980073,"pid":37640,"hostname":"TomPC","method":"GET","url":"/api/admin/system/resources","ip":"::1","time":"2025-07-02T16:33:00.073Z"}
{"level":30,"time":1751473980076,"pid":37640,"hostname":"TomPC","method":"GET","url":"/api/admin/logs/startup","ip":"::1","time":"2025-07-02T16:33:00.076Z"}
{"level":30,"time":1751473980077,"pid":37640,"hostname":"TomPC","method":"GET","url":"/api/admin/logs/auth","ip":"::1","time":"2025-07-02T16:33:00.077Z"}
{"level":30,"time":1751473980078,"pid":37640,"hostname":"TomPC","method":"GET","url":"/api/admin/logs/user","ip":"::1","time":"2025-07-02T16:33:00.078Z"}
{"level":30,"time":1751473980080,"pid":37640,"hostname":"TomPC","method":"GET","url":"/api/admin/logs/errors","ip":"::1","time":"2025-07-02T16:33:00.080Z"}
{"level":30,"time":1751473980083,"pid":37640,"hostname":"TomPC","method":"GET","url":"/api/admin/logs/requests","ip":"::1","time":"2025-07-02T16:33:00.083Z"}
{"level":30,"time":1751473981078,"pid":37640,"hostname":"TomPC","method":"GET","url":"/api/admin/system/resources","ip":"::1","time":"2025-07-02T16:33:01.078Z"}
{"level":30,"time":1751473982074,"pid":37640,"hostname":"TomPC","method":"GET","url":"/api/admin/system/resources","ip":"::1","time":"2025-07-02T16:33:02.074Z"}
{"level":30,"time":1751473983076,"pid":37640,"hostname":"TomPC","method":"GET","url":"/api/admin/system/resources","ip":"::1","time":"2025-07-02T16:33:03.076Z"}
{"level":30,"time":1751473983636,"pid":37640,"hostname":"TomPC","method":"GET","url":"/api/admin/system/resources","ip":"::1","time":"2025-07-02T16:33:03.636Z"}
{"level":30,"time":1751473983878,"pid":37640,"hostname":"TomPC","method":"GET","url":"/api/admin/system/resources","ip":"::1","time":"2025-07-02T16:33:03.878Z"}
{"level":30,"time":1751473984366,"pid":37640,"hostname":"TomPC","method":"GET","url":"/api/admin/system/resources","ip":"::1","time":"2025-07-02T16:33:04.366Z"}
{"level":30,"time":1751473984377,"pid":37640,"hostname":"TomPC","method":"GET","url":"/api/admin/logs/startup","ip":"::1","time":"2025-07-02T16:33:04.377Z"}
{"level":30,"time":1751473984379,"pid":37640,"hostname":"TomPC","method":"GET","url":"/api/admin/logs/auth","ip":"::1","time":"2025-07-02T16:33:04.379Z"}
{"level":30,"time":1751473984382,"pid":37640,"hostname":"TomPC","method":"GET","url":"/api/admin/logs/user","ip":"::1","time":"2025-07-02T16:33:04.382Z"}
{"level":30,"time":1751473984384,"pid":37640,"hostname":"TomPC","method":"GET","url":"/api/admin/logs/errors","ip":"::1","time":"2025-07-02T16:33:04.384Z"}
{"level":30,"time":1751473984385,"pid":37640,"hostname":"TomPC","method":"GET","url":"/api/admin/logs/requests","ip":"::1","time":"2025-07-02T16:33:04.385Z"}
{"level":30,"time":1751473984862,"pid":37640,"hostname":"TomPC","method":"GET","url":"/api/admin/system/resources","ip":"::1","time":"2025-07-02T16:33:04.862Z"}
{"level":30,"time":1751473986074,"pid":37640,"hostname":"TomPC","method":"GET","url":"/api/admin/system/resources","ip":"::1","time":"2025-07-02T16:33:06.074Z"}
{"level":30,"time":1751473987080,"pid":37640,"hostname":"TomPC","method":"GET","url":"/api/admin/system/resources","ip":"::1","time":"2025-07-02T16:33:07.080Z"}
{"level":30,"time":1751473988074,"pid":37640,"hostname":"TomPC","method":"GET","url":"/api/admin/system/resources","ip":"::1","time":"2025-07-02T16:33:08.073Z"}
{"level":30,"time":1751473989076,"pid":37640,"hostname":"TomPC","method":"GET","url":"/api/admin/system/resources","ip":"::1","time":"2025-07-02T16:33:09.076Z"}
{"level":30,"time":1751473990075,"pid":37640,"hostname":"TomPC","method":"GET","url":"/api/admin/system/resources","ip":"::1","time":"2025-07-02T16:33:10.075Z"}
{"level":30,"time":1751473990084,"pid":37640,"hostname":"TomPC","method":"GET","url":"/api/admin/logs/startup","ip":"::1","time":"2025-07-02T16:33:10.084Z"}
{"level":30,"time":1751473990087,"pid":37640,"hostname":"TomPC","method":"GET","url":"/api/admin/logs/auth","ip":"::1","time":"2025-07-02T16:33:10.087Z"}
{"level":30,"time":1751473990090,"pid":37640,"hostname":"TomPC","method":"GET","url":"/api/admin/logs/user","ip":"::1","time":"2025-07-02T16:33:10.090Z"}
{"level":30,"time":1751473990091,"pid":37640,"hostname":"TomPC","method":"GET","url":"/api/admin/logs/errors","ip":"::1","time":"2025-07-02T16:33:10.091Z"}
{"level":30,"time":1751473990094,"pid":37640,"hostname":"TomPC","method":"GET","url":"/api/admin/logs/requests","ip":"::1","time":"2025-07-02T16:33:10.094Z"}
{"level":30,"time":1751473991074,"pid":37640,"hostname":"TomPC","method":"GET","url":"/api/admin/system/resources","ip":"::1","time":"2025-07-02T16:33:11.074Z"}
{"level":30,"time":1751473992075,"pid":37640,"hostname":"TomPC","method":"GET","url":"/api/admin/system/resources","ip":"::1","time":"2025-07-02T16:33:12.075Z"}
{"level":30,"time":1751473992514,"pid":37640,"hostname":"TomPC","method":"GET","url":"/api/admin/system/resources","ip":"::1","time":"2025-07-02T16:33:12.513Z"}
{"level":30,"time":1751473992862,"pid":37640,"hostname":"TomPC","method":"GET","url":"/api/admin/system/resources","ip":"::1","time":"2025-07-02T16:33:12.862Z"}
{"level":30,"time":1751473993361,"pid":37640,"hostname":"TomPC","method":"GET","url":"/api/admin/system/resources","ip":"::1","time":"2025-07-02T16:33:13.361Z"}
{"level":30,"time":1751473993861,"pid":37640,"hostname":"TomPC","method":"GET","url":"/api/admin/system/resources","ip":"::1","time":"2025-07-02T16:33:13.861Z"}
{"level":30,"time":1751473994363,"pid":37640,"hostname":"TomPC","method":"GET","url":"/api/admin/system/resources","ip":"::1","time":"2025-07-02T16:33:14.363Z"}
{"level":30,"time":1751473994365,"pid":37640,"hostname":"TomPC","method":"GET","url":"/api/admin/logs/startup","ip":"::1","time":"2025-07-02T16:33:14.365Z"}
{"level":30,"time":1751473994368,"pid":37640,"hostname":"TomPC","method":"GET","url":"/api/admin/logs/auth","ip":"::1","time":"2025-07-02T16:33:14.368Z"}
{"level":30,"time":1751473994370,"pid":37640,"hostname":"TomPC","method":"GET","url":"/api/admin/logs/user","ip":"::1","time":"2025-07-02T16:33:14.370Z"}
{"level":30,"time":1751473994372,"pid":37640,"hostname":"TomPC","method":"GET","url":"/api/admin/logs/errors","ip":"::1","time":"2025-07-02T16:33:14.372Z"}
{"level":30,"time":1751473994373,"pid":37640,"hostname":"TomPC","method":"GET","url":"/api/admin/logs/requests","ip":"::1","time":"2025-07-02T16:33:14.373Z"}
{"level":30,"time":1751473994861,"pid":37640,"hostname":"TomPC","method":"GET","url":"/api/admin/system/resources","ip":"::1","time":"2025-07-02T16:33:14.861Z"}
{"level":30,"time":1751473995366,"pid":37640,"hostname":"TomPC","method":"GET","url":"/api/admin/system/resources","ip":"::1","time":"2025-07-02T16:33:15.366Z"}
{"level":30,"time":1751473995862,"pid":37640,"hostname":"TomPC","method":"GET","url":"/api/admin/system/resources","ip":"::1","time":"2025-07-02T16:33:15.862Z"}
{"level":30,"time":1751473996363,"pid":37640,"hostname":"TomPC","method":"GET","url":"/api/admin/system/resources","ip":"::1","time":"2025-07-02T16:33:16.363Z"}
{"level":30,"time":1751473996861,"pid":37640,"hostname":"TomPC","method":"GET","url":"/api/admin/system/resources","ip":"::1","time":"2025-07-02T16:33:16.861Z"}
{"level":30,"time":1751473997521,"pid":37640,"hostname":"TomPC","method":"GET","url":"/api/admin/system/resources","ip":"::1","time":"2025-07-02T16:33:17.521Z"}
{"level":30,"time":1751473997975,"pid":37640,"hostname":"TomPC","method":"GET","url":"/api/admin/system/resources","ip":"::1","time":"2025-07-02T16:33:17.975Z"}
{"level":30,"time":1751473998362,"pid":37640,"hostname":"TomPC","method":"GET","url":"/api/admin/system/resources","ip":"::1","time":"2025-07-02T16:33:18.362Z"}
{"level":30,"time":1751473998861,"pid":37640,"hostname":"TomPC","method":"GET","url":"/api/admin/system/resources","ip":"::1","time":"2025-07-02T16:33:18.861Z"}
{"level":30,"time":1751473999387,"pid":37640,"hostname":"TomPC","method":"GET","url":"/api/admin/system/resources","ip":"::1","time":"2025-07-02T16:33:19.387Z"}
{"level":30,"time":1751473999408,"pid":37640,"hostname":"TomPC","method":"GET","url":"/api/admin/logs/startup","ip":"::1","time":"2025-07-02T16:33:19.408Z"}
{"level":30,"time":1751473999410,"pid":37640,"hostname":"TomPC","method":"GET","url":"/api/admin/logs/auth","ip":"::1","time":"2025-07-02T16:33:19.410Z"}
{"level":30,"time":1751473999411,"pid":37640,"hostname":"TomPC","method":"GET","url":"/api/admin/logs/user","ip":"::1","time":"2025-07-02T16:33:19.411Z"}
{"level":30,"time":1751473999415,"pid":37640,"hostname":"TomPC","method":"GET","url":"/api/admin/logs/errors","ip":"::1","time":"2025-07-02T16:33:19.414Z"}
{"level":30,"time":1751473999416,"pid":37640,"hostname":"TomPC","method":"GET","url":"/api/admin/logs/requests","ip":"::1","time":"2025-07-02T16:33:19.416Z"}
{"level":30,"time":1751473999862,"pid":37640,"hostname":"TomPC","method":"GET","url":"/api/admin/system/resources","ip":"::1","time":"2025-07-02T16:33:19.862Z"}
{"level":30,"time":1751474000379,"pid":37640,"hostname":"TomPC","method":"GET","url":"/api/admin/system/resources","ip":"::1","time":"2025-07-02T16:33:20.379Z"}
{"level":30,"time":1751474000973,"pid":37640,"hostname":"TomPC","method":"GET","url":"/api/admin/system/resources","ip":"::1","time":"2025-07-02T16:33:20.973Z"}
{"level":30,"time":1751474001461,"pid":37640,"hostname":"TomPC","method":"GET","url":"/api/admin/system/resources","ip":"::1","time":"2025-07-02T16:33:21.461Z"}
{"level":30,"time":1751474001629,"pid":37640,"hostname":"TomPC","method":"POST","url":"/api/logout","ip":"::1","time":"2025-07-02T16:33:21.629Z"}
{"level":30,"time":1751474109312,"pid":37640,"hostname":"TomPC","method":"POST","url":"/api/auth/login","ip":"::1","time":"2025-07-02T16:35:09.312Z"}
{"level":30,"time":1751474110499,"pid":37640,"hostname":"TomPC","method":"GET","url":"/api/users","ip":"::1","time":"2025-07-02T16:35:10.499Z"}
{"level":30,"time":1751474110507,"pid":37640,"hostname":"TomPC","method":"GET","url":"/api/admin/logs/startup","ip":"::1","time":"2025-07-02T16:35:10.507Z"}
{"level":30,"time":1751474110515,"pid":37640,"hostname":"TomPC","method":"GET","url":"/api/users","ip":"::1","time":"2025-07-02T16:35:10.515Z"}
{"level":30,"time":1751474110519,"pid":37640,"hostname":"TomPC","method":"GET","url":"/api/admin/system/resources","ip":"::1","time":"2025-07-02T16:35:10.519Z"}
{"level":30,"time":1751474110523,"pid":37640,"hostname":"TomPC","method":"GET","url":"/api/admin/logs/startup","ip":"::1","time":"2025-07-02T16:35:10.523Z"}
{"level":30,"time":1751474110528,"pid":37640,"hostname":"TomPC","method":"GET","url":"/api/admin/logs/auth","ip":"::1","time":"2025-07-02T16:35:10.528Z"}
{"level":30,"time":1751474110538,"pid":37640,"hostname":"TomPC","method":"GET","url":"/api/admin/logs/user","ip":"::1","time":"2025-07-02T16:35:10.538Z"}
{"level":30,"time":1751474110543,"pid":37640,"hostname":"TomPC","method":"GET","url":"/api/admin/logs/errors","ip":"::1","time":"2025-07-02T16:35:10.543Z"}
{"level":30,"time":1751474110546,"pid":37640,"hostname":"TomPC","method":"GET","url":"/api/admin/logs/requests","ip":"::1","time":"2025-07-02T16:35:10.546Z"}
{"level":30,"time":1751474110548,"pid":37640,"hostname":"TomPC","method":"GET","url":"/api/admin/logs/startup","ip":"::1","time":"2025-07-02T16:35:10.548Z"}
{"level":30,"time":1751474110554,"pid":37640,"hostname":"TomPC","method":"GET","url":"/api/admin/system/resources","ip":"::1","time":"2025-07-02T16:35:10.554Z"}
{"level":30,"time":1751474110556,"pid":37640,"hostname":"TomPC","method":"GET","url":"/api/admin/logs/auth","ip":"::1","time":"2025-07-02T16:35:10.556Z"}
{"level":30,"time":1751474110562,"pid":37640,"hostname":"TomPC","method":"GET","url":"/api/admin/logs/user","ip":"::1","time":"2025-07-02T16:35:10.562Z"}
{"level":30,"time":1751474110564,"pid":37640,"hostname":"TomPC","method":"GET","url":"/api/admin/logs/errors","ip":"::1","time":"2025-07-02T16:35:10.564Z"}
{"level":30,"time":1751474110566,"pid":37640,"hostname":"TomPC","method":"GET","url":"/api/admin/logs/requests","ip":"::1","time":"2025-07-02T16:35:10.566Z"}
{"level":30,"time":1751474110569,"pid":37640,"hostname":"TomPC","method":"GET","url":"/api/admin/logs/startup","ip":"::1","time":"2025-07-02T16:35:10.569Z"}
{"level":30,"time":1751474110948,"pid":37640,"hostname":"TomPC","method":"GET","url":"/api/admin/system/resources","ip":"::1","time":"2025-07-02T16:35:10.948Z"}
{"level":30,"time":1751474111448,"pid":37640,"hostname":"TomPC","method":"GET","url":"/api/admin/system/resources","ip":"::1","time":"2025-07-02T16:35:11.448Z"}
{"level":30,"time":1751474111949,"pid":37640,"hostname":"TomPC","method":"GET","url":"/api/admin/system/resources","ip":"::1","time":"2025-07-02T16:35:11.949Z"}
{"level":30,"time":1751474112450,"pid":37640,"hostname":"TomPC","method":"GET","url":"/api/admin/system/resources","ip":"::1","time":"2025-07-02T16:35:12.450Z"}
{"level":30,"time":1751474112963,"pid":37640,"hostname":"TomPC","method":"GET","url":"/api/admin/system/resources","ip":"::1","time":"2025-07-02T16:35:12.963Z"}
{"level":30,"time":1751474113451,"pid":37640,"hostname":"TomPC","method":"GET","url":"/api/admin/system/resources","ip":"::1","time":"2025-07-02T16:35:13.451Z"}
{"level":30,"time":1751474113948,"pid":37640,"hostname":"TomPC","method":"GET","url":"/api/admin/system/resources","ip":"::1","time":"2025-07-02T16:35:13.948Z"}
{"level":30,"time":1751474114449,"pid":37640,"hostname":"TomPC","method":"GET","url":"/api/admin/system/resources","ip":"::1","time":"2025-07-02T16:35:14.449Z"}
{"level":30,"time":1751474115791,"pid":37640,"hostname":"TomPC","method":"GET","url":"/api/admin/system/resources","ip":"::1","time":"2025-07-02T16:35:15.791Z"}
{"level":30,"time":1751474115793,"pid":37640,"hostname":"TomPC","method":"GET","url":"/api/admin/logs/startup","ip":"::1","time":"2025-07-02T16:35:15.793Z"}
{"level":30,"time":1751474115797,"pid":37640,"hostname":"TomPC","method":"GET","url":"/api/admin/logs/auth","ip":"::1","time":"2025-07-02T16:35:15.797Z"}
{"level":30,"time":1751474115799,"pid":37640,"hostname":"TomPC","method":"GET","url":"/api/admin/logs/user","ip":"::1","time":"2025-07-02T16:35:15.799Z"}
{"level":30,"time":1751474115801,"pid":37640,"hostname":"TomPC","method":"GET","url":"/api/admin/logs/errors","ip":"::1","time":"2025-07-02T16:35:15.800Z"}
{"level":30,"time":1751474115802,"pid":37640,"hostname":"TomPC","method":"GET","url":"/api/admin/logs/requests","ip":"::1","time":"2025-07-02T16:35:15.802Z"}
{"level":30,"time":1751474115948,"pid":37640,"hostname":"TomPC","method":"GET","url":"/api/admin/system/resources","ip":"::1","time":"2025-07-02T16:35:15.948Z"}
{"level":30,"time":1751474116448,"pid":37640,"hostname":"TomPC","method":"GET","url":"/api/admin/system/resources","ip":"::1","time":"2025-07-02T16:35:16.448Z"}
{"level":30,"time":1751474117077,"pid":37640,"hostname":"TomPC","method":"GET","url":"/api/admin/system/resources","ip":"::1","time":"2025-07-02T16:35:17.077Z"}
{"level":30,"time":1751474118075,"pid":37640,"hostname":"TomPC","method":"GET","url":"/api/admin/system/resources","ip":"::1","time":"2025-07-02T16:35:18.075Z"}
{"level":30,"time":1751474119075,"pid":37640,"hostname":"TomPC","method":"GET","url":"/api/admin/system/resources","ip":"::1","time":"2025-07-02T16:35:19.075Z"}
{"level":30,"time":1751474120074,"pid":37640,"hostname":"TomPC","method":"GET","url":"/api/admin/system/resources","ip":"::1","time":"2025-07-02T16:35:20.074Z"}
{"level":30,"time":1751474121084,"pid":37640,"hostname":"TomPC","method":"GET","url":"/api/admin/system/resources","ip":"::1","time":"2025-07-02T16:35:21.084Z"}
{"level":30,"time":1751474121086,"pid":37640,"hostname":"TomPC","method":"GET","url":"/api/admin/logs/startup","ip":"::1","time":"2025-07-02T16:35:21.086Z"}
{"level":30,"time":1751474121088,"pid":37640,"hostname":"TomPC","method":"GET","url":"/api/admin/logs/auth","ip":"::1","time":"2025-07-02T16:35:21.088Z"}
{"level":30,"time":1751474121089,"pid":37640,"hostname":"TomPC","method":"GET","url":"/api/admin/logs/user","ip":"::1","time":"2025-07-02T16:35:21.089Z"}
{"level":30,"time":1751474121092,"pid":37640,"hostname":"TomPC","method":"GET","url":"/api/admin/logs/errors","ip":"::1","time":"2025-07-02T16:35:21.092Z"}
{"level":30,"time":1751474121093,"pid":37640,"hostname":"TomPC","method":"GET","url":"/api/admin/logs/requests","ip":"::1","time":"2025-07-02T16:35:21.093Z"}
{"level":30,"time":1751474122076,"pid":37640,"hostname":"TomPC","method":"GET","url":"/api/admin/system/resources","ip":"::1","time":"2025-07-02T16:35:22.075Z"}
{"level":30,"time":1751474123073,"pid":37640,"hostname":"TomPC","method":"GET","url":"/api/admin/system/resources","ip":"::1","time":"2025-07-02T16:35:23.073Z"}
{"level":30,"time":1751474124074,"pid":37640,"hostname":"TomPC","method":"GET","url":"/api/admin/system/resources","ip":"::1","time":"2025-07-02T16:35:24.074Z"}
{"level":30,"time":1751474125075,"pid":37640,"hostname":"TomPC","method":"GET","url":"/api/admin/system/resources","ip":"::1","time":"2025-07-02T16:35:25.075Z"}
{"level":30,"time":1751474126075,"pid":37640,"hostname":"TomPC","method":"GET","url":"/api/admin/system/resources","ip":"::1","time":"2025-07-02T16:35:26.075Z"}
{"level":30,"time":1751474126078,"pid":37640,"hostname":"TomPC","method":"GET","url":"/api/admin/logs/startup","ip":"::1","time":"2025-07-02T16:35:26.078Z"}
{"level":30,"time":1751474126079,"pid":37640,"hostname":"TomPC","method":"GET","url":"/api/admin/logs/auth","ip":"::1","time":"2025-07-02T16:35:26.079Z"}
{"level":30,"time":1751474126080,"pid":37640,"hostname":"TomPC","method":"GET","url":"/api/admin/logs/user","ip":"::1","time":"2025-07-02T16:35:26.080Z"}
{"level":30,"time":1751474126083,"pid":37640,"hostname":"TomPC","method":"GET","url":"/api/admin/logs/errors","ip":"::1","time":"2025-07-02T16:35:26.083Z"}
{"level":30,"time":1751474126084,"pid":37640,"hostname":"TomPC","method":"GET","url":"/api/admin/logs/requests","ip":"::1","time":"2025-07-02T16:35:26.084Z"}
{"level":30,"time":1751474127077,"pid":37640,"hostname":"TomPC","method":"GET","url":"/api/admin/system/resources","ip":"::1","time":"2025-07-02T16:35:27.077Z"}
{"level":30,"time":1751474128076,"pid":37640,"hostname":"TomPC","method":"GET","url":"/api/admin/system/resources","ip":"::1","time":"2025-07-02T16:35:28.076Z"}
{"level":30,"time":1751474129074,"pid":37640,"hostname":"TomPC","method":"GET","url":"/api/admin/system/resources","ip":"::1","time":"2025-07-02T16:35:29.074Z"}
{"level":30,"time":1751474130074,"pid":37640,"hostname":"TomPC","method":"GET","url":"/api/admin/system/resources","ip":"::1","time":"2025-07-02T16:35:30.074Z"}
{"level":30,"time":1751474130531,"pid":37640,"hostname":"TomPC","method":"GET","url":"/api/admin/system/resources","ip":"::1","time":"2025-07-02T16:35:30.531Z"}
{"level":30,"time":1751474130546,"pid":37640,"hostname":"TomPC","method":"GET","url":"/api/admin/logs/startup","ip":"::1","time":"2025-07-02T16:35:30.546Z"}
{"level":30,"time":1751474130550,"pid":37640,"hostname":"TomPC","method":"GET","url":"/api/admin/logs/auth","ip":"::1","time":"2025-07-02T16:35:30.550Z"}
{"level":30,"time":1751474130554,"pid":37640,"hostname":"TomPC","method":"GET","url":"/api/admin/logs/user","ip":"::1","time":"2025-07-02T16:35:30.554Z"}
{"level":30,"time":1751474130558,"pid":37640,"hostname":"TomPC","method":"GET","url":"/api/admin/logs/errors","ip":"::1","time":"2025-07-02T16:35:30.558Z"}
{"level":30,"time":1751474130561,"pid":37640,"hostname":"TomPC","method":"GET","url":"/api/admin/logs/requests","ip":"::1","time":"2025-07-02T16:35:30.560Z"}
{"level":30,"time":1751474130948,"pid":37640,"hostname":"TomPC","method":"GET","url":"/api/admin/system/resources","ip":"::1","time":"2025-07-02T16:35:30.948Z"}
{"level":30,"time":1751474131449,"pid":37640,"hostname":"TomPC","method":"GET","url":"/api/admin/system/resources","ip":"::1","time":"2025-07-02T16:35:31.449Z"}
{"level":30,"time":1751474131950,"pid":37640,"hostname":"TomPC","method":"GET","url":"/api/admin/system/resources","ip":"::1","time":"2025-07-02T16:35:31.950Z"}
{"level":30,"time":1751474132456,"pid":37640,"hostname":"TomPC","method":"GET","url":"/api/admin/system/resources","ip":"::1","time":"2025-07-02T16:35:32.456Z"}
{"level":30,"time":1751474132947,"pid":37640,"hostname":"TomPC","method":"GET","url":"/api/admin/system/resources","ip":"::1","time":"2025-07-02T16:35:32.947Z"}
{"level":30,"time":1751474133449,"pid":37640,"hostname":"TomPC","method":"GET","url":"/api/admin/system/resources","ip":"::1","time":"2025-07-02T16:35:33.449Z"}
{"level":30,"time":1751474133949,"pid":37640,"hostname":"TomPC","method":"GET","url":"/api/admin/system/resources","ip":"::1","time":"2025-07-02T16:35:33.949Z"}
{"level":30,"time":1751474134463,"pid":37640,"hostname":"TomPC","method":"GET","url":"/api/admin/system/resources","ip":"::1","time":"2025-07-02T16:35:34.463Z"}
{"level":30,"time":1751474135060,"pid":37640,"hostname":"TomPC","method":"GET","url":"/api/admin/system/resources","ip":"::1","time":"2025-07-02T16:35:35.060Z"}
{"level":30,"time":1751474135473,"pid":37640,"hostname":"TomPC","method":"GET","url":"/api/admin/system/resources","ip":"::1","time":"2025-07-02T16:35:35.472Z"}
{"level":30,"time":1751474135475,"pid":37640,"hostname":"TomPC","method":"GET","url":"/api/admin/logs/startup","ip":"::1","time":"2025-07-02T16:35:35.475Z"}
{"level":30,"time":1751474135477,"pid":37640,"hostname":"TomPC","method":"GET","url":"/api/admin/logs/auth","ip":"::1","time":"2025-07-02T16:35:35.477Z"}
{"level":30,"time":1751474135478,"pid":37640,"hostname":"TomPC","method":"GET","url":"/api/admin/logs/user","ip":"::1","time":"2025-07-02T16:35:35.478Z"}
{"level":30,"time":1751474135480,"pid":37640,"hostname":"TomPC","method":"GET","url":"/api/admin/logs/errors","ip":"::1","time":"2025-07-02T16:35:35.479Z"}
{"level":30,"time":1751474135481,"pid":37640,"hostname":"TomPC","method":"GET","url":"/api/admin/logs/requests","ip":"::1","time":"2025-07-02T16:35:35.481Z"}
{"level":30,"time":1751474136831,"pid":37640,"hostname":"TomPC","method":"GET","url":"/api/admin/system/resources","ip":"::1","time":"2025-07-02T16:35:36.831Z"}
{"level":30,"time":1751474136949,"pid":37640,"hostname":"TomPC","method":"GET","url":"/api/admin/system/resources","ip":"::1","time":"2025-07-02T16:35:36.949Z"}
{"level":30,"time":1751474137448,"pid":37640,"hostname":"TomPC","method":"GET","url":"/api/admin/system/resources","ip":"::1","time":"2025-07-02T16:35:37.448Z"}
{"level":30,"time":1751474137954,"pid":37640,"hostname":"TomPC","method":"GET","url":"/api/admin/system/resources","ip":"::1","time":"2025-07-02T16:35:37.954Z"}
{"level":30,"time":1751474138453,"pid":37640,"hostname":"TomPC","method":"GET","url":"/api/admin/system/resources","ip":"::1","time":"2025-07-02T16:35:38.453Z"}
{"level":30,"time":1751474138953,"pid":37640,"hostname":"TomPC","method":"GET","url":"/api/admin/system/resources","ip":"::1","time":"2025-07-02T16:35:38.953Z"}
{"level":30,"time":1751474139452,"pid":37640,"hostname":"TomPC","method":"GET","url":"/api/admin/system/resources","ip":"::1","time":"2025-07-02T16:35:39.452Z"}
{"level":30,"time":1751474139948,"pid":37640,"hostname":"TomPC","method":"GET","url":"/api/admin/system/resources","ip":"::1","time":"2025-07-02T16:35:39.948Z"}
{"level":30,"time":1751474140448,"pid":37640,"hostname":"TomPC","method":"GET","url":"/api/admin/system/resources","ip":"::1","time":"2025-07-02T16:35:40.448Z"}
{"level":30,"time":1751474140462,"pid":37640,"hostname":"TomPC","method":"GET","url":"/api/admin/logs/startup","ip":"::1","time":"2025-07-02T16:35:40.462Z"}
{"level":30,"time":1751474140464,"pid":37640,"hostname":"TomPC","method":"GET","url":"/api/admin/logs/auth","ip":"::1","time":"2025-07-02T16:35:40.464Z"}
{"level":30,"time":1751474140465,"pid":37640,"hostname":"TomPC","method":"GET","url":"/api/admin/logs/user","ip":"::1","time":"2025-07-02T16:35:40.465Z"}
{"level":30,"time":1751474140466,"pid":37640,"hostname":"TomPC","method":"GET","url":"/api/admin/logs/errors","ip":"::1","time":"2025-07-02T16:35:40.466Z"}
{"level":30,"time":1751474140468,"pid":37640,"hostname":"TomPC","method":"GET","url":"/api/admin/logs/requests","ip":"::1","time":"2025-07-02T16:35:40.468Z"}
{"level":30,"time":1751474140957,"pid":37640,"hostname":"TomPC","method":"GET","url":"/api/admin/system/resources","ip":"::1","time":"2025-07-02T16:35:40.957Z"}
{"level":30,"time":1751474141449,"pid":37640,"hostname":"TomPC","method":"GET","url":"/api/admin/system/resources","ip":"::1","time":"2025-07-02T16:35:41.449Z"}
{"level":30,"time":1751474141952,"pid":37640,"hostname":"TomPC","method":"GET","url":"/api/admin/system/resources","ip":"::1","time":"2025-07-02T16:35:41.952Z"}
{"level":30,"time":1751474142450,"pid":37640,"hostname":"TomPC","method":"GET","url":"/api/admin/system/resources","ip":"::1","time":"2025-07-02T16:35:42.450Z"}
{"level":30,"time":1751474142953,"pid":37640,"hostname":"TomPC","method":"GET","url":"/api/admin/system/resources","ip":"::1","time":"2025-07-02T16:35:42.953Z"}
{"level":30,"time":1751474143453,"pid":37640,"hostname":"TomPC","method":"GET","url":"/api/admin/system/resources","ip":"::1","time":"2025-07-02T16:35:43.453Z"}
{"level":30,"time":1751474143950,"pid":37640,"hostname":"TomPC","method":"GET","url":"/api/admin/system/resources","ip":"::1","time":"2025-07-02T16:35:43.950Z"}
{"level":30,"time":1751474144448,"pid":37640,"hostname":"TomPC","method":"GET","url":"/api/admin/system/resources","ip":"::1","time":"2025-07-02T16:35:44.448Z"}
{"level":30,"time":1751474144949,"pid":37640,"hostname":"TomPC","method":"GET","url":"/api/admin/system/resources","ip":"::1","time":"2025-07-02T16:35:44.949Z"}
{"level":30,"time":1751474145458,"pid":37640,"hostname":"TomPC","method":"GET","url":"/api/admin/system/resources","ip":"::1","time":"2025-07-02T16:35:45.458Z"}
{"level":30,"time":1751474145467,"pid":37640,"hostname":"TomPC","method":"GET","url":"/api/admin/logs/startup","ip":"::1","time":"2025-07-02T16:35:45.467Z"}
{"level":30,"time":1751474145469,"pid":37640,"hostname":"TomPC","method":"GET","url":"/api/admin/logs/auth","ip":"::1","time":"2025-07-02T16:35:45.469Z"}
{"level":30,"time":1751474145471,"pid":37640,"hostname":"TomPC","method":"GET","url":"/api/admin/logs/user","ip":"::1","time":"2025-07-02T16:35:45.471Z"}
{"level":30,"time":1751474145472,"pid":37640,"hostname":"TomPC","method":"GET","url":"/api/admin/logs/errors","ip":"::1","time":"2025-07-02T16:35:45.472Z"}
{"level":30,"time":1751474145768,"pid":37640,"hostname":"TomPC","method":"GET","url":"/api/admin/logs/requests","ip":"::1","time":"2025-07-02T16:35:45.768Z"}
{"level":30,"time":1751474145952,"pid":37640,"hostname":"TomPC","method":"GET","url":"/api/admin/system/resources","ip":"::1","time":"2025-07-02T16:35:45.952Z"}
{"level":30,"time":1751474146460,"pid":37640,"hostname":"TomPC","method":"GET","url":"/api/admin/system/resources","ip":"::1","time":"2025-07-02T16:35:46.460Z"}
{"level":30,"time":1751474147023,"pid":37640,"hostname":"TomPC","method":"GET","url":"/api/admin/system/resources","ip":"::1","time":"2025-07-02T16:35:47.023Z"}
{"level":30,"time":1751474147450,"pid":37640,"hostname":"TomPC","method":"GET","url":"/api/admin/system/resources","ip":"::1","time":"2025-07-02T16:35:47.450Z"}
{"level":30,"time":1751474147948,"pid":37640,"hostname":"TomPC","method":"GET","url":"/api/admin/system/resources","ip":"::1","time":"2025-07-02T16:35:47.948Z"}
{"level":30,"time":1751474148449,"pid":37640,"hostname":"TomPC","method":"GET","url":"/api/admin/system/resources","ip":"::1","time":"2025-07-02T16:35:48.449Z"}
{"level":30,"time":1751474148973,"pid":37640,"hostname":"TomPC","method":"GET","url":"/api/admin/system/resources","ip":"::1","time":"2025-07-02T16:35:48.973Z"}
{"level":30,"time":1751474149451,"pid":37640,"hostname":"TomPC","method":"GET","url":"/api/admin/system/resources","ip":"::1","time":"2025-07-02T16:35:49.451Z"}
{"level":30,"time":1751474150129,"pid":37640,"hostname":"TomPC","method":"GET","url":"/api/admin/system/resources","ip":"::1","time":"2025-07-02T16:35:50.128Z"}
{"level":30,"time":1751474151074,"pid":37640,"hostname":"TomPC","method":"GET","url":"/api/admin/system/resources","ip":"::1","time":"2025-07-02T16:35:51.074Z"}
{"level":30,"time":1751474151141,"pid":37640,"hostname":"TomPC","method":"GET","url":"/api/admin/logs/startup","ip":"::1","time":"2025-07-02T16:35:51.141Z"}
{"level":30,"time":1751474151142,"pid":37640,"hostname":"TomPC","method":"GET","url":"/api/admin/logs/auth","ip":"::1","time":"2025-07-02T16:35:51.142Z"}
{"level":30,"time":1751474151144,"pid":37640,"hostname":"TomPC","method":"GET","url":"/api/admin/logs/user","ip":"::1","time":"2025-07-02T16:35:51.144Z"}
{"level":30,"time":1751474151146,"pid":37640,"hostname":"TomPC","method":"GET","url":"/api/admin/logs/errors","ip":"::1","time":"2025-07-02T16:35:51.146Z"}
{"level":30,"time":1751474151151,"pid":37640,"hostname":"TomPC","method":"GET","url":"/api/admin/logs/requests","ip":"::1","time":"2025-07-02T16:35:51.150Z"}
{"level":30,"time":1751474152136,"pid":37640,"hostname":"TomPC","method":"GET","url":"/api/admin/system/resources","ip":"::1","time":"2025-07-02T16:35:52.136Z"}
{"level":30,"time":1751474153079,"pid":37640,"hostname":"TomPC","method":"GET","url":"/api/admin/system/resources","ip":"::1","time":"2025-07-02T16:35:53.079Z"}
{"level":30,"time":1751474154078,"pid":37640,"hostname":"TomPC","method":"GET","url":"/api/admin/system/resources","ip":"::1","time":"2025-07-02T16:35:54.078Z"}
