{"level":30,"time":1751897856316,"pid":9180,"hostname":"TomPC","msg":"Startup check initiated."}
{"level":30,"time":1751897856317,"pid":9180,"hostname":"TomPC","msg":".env file exists."}
{"level":30,"time":1751897856319,"pid":9180,"hostname":"TomPC","msg":"JWT_SECRET is properly configured."}
{"level":30,"time":1751897856322,"pid":9180,"hostname":"TomPC","msg":"Database auth.db exists."}
{"level":30,"time":1751897856323,"pid":9180,"hostname":"TomPC","msg":"Database client_info.db exists."}
{"level":30,"time":1751897856324,"pid":9180,"hostname":"TomPC","msg":"Database login.db exists."}
{"level":30,"time":1751897856325,"pid":9180,"hostname":"TomPC","msg":"Database system.db exists."}
{"level":30,"time":1751897856326,"pid":9180,"hostname":"TomPC","msg":"Database usernames.db exists."}
{"level":30,"time":1751897856336,"pid":9180,"hostname":"TomPC","msg":"[2025-07-07 14:17:36] Startup checks passed. All critical files are present."}
{"level":30,"time":1751932146928,"pid":31792,"hostname":"TomPC","msg":"Startup check initiated."}
{"level":30,"time":1751932146929,"pid":31792,"hostname":"TomPC","msg":".env file exists."}
{"level":30,"time":1751932146929,"pid":31792,"hostname":"TomPC","msg":"JWT_SECRET is properly configured."}
{"level":30,"time":1751932146930,"pid":31792,"hostname":"TomPC","msg":"Database auth.db exists."}
{"level":30,"time":1751932146931,"pid":31792,"hostname":"TomPC","msg":"Database client_info.db exists."}
{"level":30,"time":1751932146932,"pid":31792,"hostname":"TomPC","msg":"Database login.db exists."}
{"level":30,"time":1751932146933,"pid":31792,"hostname":"TomPC","msg":"Database system.db exists."}
{"level":30,"time":1751932146933,"pid":31792,"hostname":"TomPC","msg":"Database usernames.db exists."}
{"level":30,"time":1751932146934,"pid":31792,"hostname":"TomPC","msg":"[2025-07-07 23:49:06] Startup checks passed. All critical files are present."}
{"level":30,"time":1751933648300,"pid":34468,"hostname":"TomPC","msg":"Startup check initiated."}
{"level":30,"time":1751933648301,"pid":34468,"hostname":"TomPC","msg":".env file exists."}
{"level":30,"time":1751933648301,"pid":34468,"hostname":"TomPC","msg":"JWT_SECRET is properly configured."}
{"level":30,"time":1751933648301,"pid":34468,"hostname":"TomPC","msg":"Database auth.db exists."}
{"level":30,"time":1751933648302,"pid":34468,"hostname":"TomPC","msg":"Database client_info.db exists."}
{"level":30,"time":1751933648302,"pid":34468,"hostname":"TomPC","msg":"Database login.db exists."}
{"level":30,"time":1751933648303,"pid":34468,"hostname":"TomPC","msg":"Database system.db exists."}
{"level":30,"time":1751933648303,"pid":34468,"hostname":"TomPC","msg":"Database usernames.db exists."}
{"level":30,"time":1751933648304,"pid":34468,"hostname":"TomPC","msg":"[2025-07-08 00:14:08] Startup checks passed. All critical files are present."}
{"level":30,"time":1751933669021,"pid":34360,"hostname":"TomPC","msg":"Startup check initiated."}
{"level":30,"time":1751933669023,"pid":34360,"hostname":"TomPC","msg":".env file exists."}
{"level":30,"time":1751933669024,"pid":34360,"hostname":"TomPC","msg":"JWT_SECRET is properly configured."}
{"level":30,"time":1751933669025,"pid":34360,"hostname":"TomPC","msg":"Database auth.db exists."}
{"level":30,"time":1751933669025,"pid":34360,"hostname":"TomPC","msg":"Database client_info.db exists."}
{"level":30,"time":1751933669028,"pid":34360,"hostname":"TomPC","msg":"Database login.db exists."}
{"level":30,"time":1751933669028,"pid":34360,"hostname":"TomPC","msg":"Database system.db exists."}
{"level":30,"time":1751933669029,"pid":34360,"hostname":"TomPC","msg":"Database usernames.db exists."}
{"level":30,"time":1751933669030,"pid":34360,"hostname":"TomPC","msg":"[2025-07-08 00:14:29] Startup checks passed. All critical files are present."}
{"level":30,"time":1751935092249,"pid":35584,"hostname":"TomPC","msg":"Startup check initiated."}
{"level":30,"time":1751935092253,"pid":35584,"hostname":"TomPC","msg":".env file exists."}
{"level":30,"time":1751935092253,"pid":35584,"hostname":"TomPC","msg":"JWT_SECRET is properly configured."}
{"level":30,"time":1751935092254,"pid":35584,"hostname":"TomPC","msg":"Database auth.db exists."}
{"level":30,"time":1751935092254,"pid":35584,"hostname":"TomPC","msg":"Database client_info.db exists."}
{"level":30,"time":1751935092255,"pid":35584,"hostname":"TomPC","msg":"Database login.db exists."}
{"level":30,"time":1751935092255,"pid":35584,"hostname":"TomPC","msg":"Database system.db exists."}
{"level":30,"time":1751935092256,"pid":35584,"hostname":"TomPC","msg":"Database usernames.db exists."}
{"level":30,"time":1751935092258,"pid":35584,"hostname":"TomPC","msg":"[2025-07-08 00:38:12] Startup checks passed. All critical files are present."}
{"level":30,"time":1751935104078,"pid":27180,"hostname":"TomPC","msg":"Startup check initiated."}
{"level":30,"time":1751935104078,"pid":27180,"hostname":"TomPC","msg":".env file exists."}
{"level":30,"time":1751935104079,"pid":27180,"hostname":"TomPC","msg":"JWT_SECRET is properly configured."}
{"level":30,"time":1751935104079,"pid":27180,"hostname":"TomPC","msg":"Database auth.db exists."}
{"level":30,"time":1751935104079,"pid":27180,"hostname":"TomPC","msg":"Database client_info.db exists."}
{"level":30,"time":1751935104080,"pid":27180,"hostname":"TomPC","msg":"Database login.db exists."}
{"level":30,"time":1751935104080,"pid":27180,"hostname":"TomPC","msg":"Database system.db exists."}
{"level":30,"time":1751935104081,"pid":27180,"hostname":"TomPC","msg":"Database usernames.db exists."}
{"level":30,"time":1751935104084,"pid":27180,"hostname":"TomPC","msg":"[2025-07-08 00:38:24] Startup checks passed. All critical files are present."}
{"level":30,"time":1751935118518,"pid":33196,"hostname":"TomPC","msg":"Startup check initiated."}
{"level":30,"time":1751935118518,"pid":33196,"hostname":"TomPC","msg":".env file exists."}
{"level":30,"time":1751935118518,"pid":33196,"hostname":"TomPC","msg":"JWT_SECRET is properly configured."}
{"level":30,"time":1751935118519,"pid":33196,"hostname":"TomPC","msg":"Database auth.db exists."}
{"level":30,"time":1751935118519,"pid":33196,"hostname":"TomPC","msg":"Database client_info.db exists."}
{"level":30,"time":1751935118519,"pid":33196,"hostname":"TomPC","msg":"Database login.db exists."}
{"level":30,"time":1751935118520,"pid":33196,"hostname":"TomPC","msg":"Database system.db exists."}
{"level":30,"time":1751935118520,"pid":33196,"hostname":"TomPC","msg":"Database usernames.db exists."}
{"level":30,"time":1751935118521,"pid":33196,"hostname":"TomPC","msg":"[2025-07-08 00:38:38] Startup checks passed. All critical files are present."}
{"level":30,"time":1751935125444,"pid":34228,"hostname":"TomPC","msg":"Startup check initiated."}
{"level":30,"time":1751935125445,"pid":34228,"hostname":"TomPC","msg":".env file exists."}
{"level":30,"time":1751935125445,"pid":34228,"hostname":"TomPC","msg":"JWT_SECRET is properly configured."}
{"level":30,"time":1751935125446,"pid":34228,"hostname":"TomPC","msg":"Database auth.db exists."}
{"level":30,"time":1751935125446,"pid":34228,"hostname":"TomPC","msg":"Database client_info.db exists."}
{"level":30,"time":1751935125447,"pid":34228,"hostname":"TomPC","msg":"Database login.db exists."}
{"level":30,"time":1751935125447,"pid":34228,"hostname":"TomPC","msg":"Database system.db exists."}
{"level":30,"time":1751935125447,"pid":34228,"hostname":"TomPC","msg":"Database usernames.db exists."}
{"level":30,"time":1751935125448,"pid":34228,"hostname":"TomPC","msg":"[2025-07-08 00:38:45] Startup checks passed. All critical files are present."}
{"level":30,"time":1751935216015,"pid":27180,"hostname":"TomPC","msg":"Startup check initiated."}
{"level":30,"time":1751935216016,"pid":27180,"hostname":"TomPC","msg":".env file exists."}
{"level":30,"time":1751935216016,"pid":27180,"hostname":"TomPC","msg":"JWT_SECRET is properly configured."}
{"level":30,"time":1751935216017,"pid":27180,"hostname":"TomPC","msg":"Database auth.db exists."}
{"level":30,"time":1751935216017,"pid":27180,"hostname":"TomPC","msg":"Database client_info.db exists."}
{"level":30,"time":1751935216017,"pid":27180,"hostname":"TomPC","msg":"Database login.db exists."}
{"level":30,"time":1751935216018,"pid":27180,"hostname":"TomPC","msg":"Database system.db exists."}
{"level":30,"time":1751935216018,"pid":27180,"hostname":"TomPC","msg":"Database usernames.db exists."}
{"level":30,"time":1751935216020,"pid":27180,"hostname":"TomPC","msg":"[2025-07-08 00:40:16] Startup checks passed. All critical files are present."}
{"level":30,"time":1751935234476,"pid":35556,"hostname":"TomPC","msg":"Startup check initiated."}
{"level":30,"time":1751935234477,"pid":35556,"hostname":"TomPC","msg":".env file exists."}
{"level":30,"time":1751935234477,"pid":35556,"hostname":"TomPC","msg":"JWT_SECRET is properly configured."}
{"level":30,"time":1751935234477,"pid":35556,"hostname":"TomPC","msg":"Database auth.db exists."}
{"level":30,"time":1751935234478,"pid":35556,"hostname":"TomPC","msg":"Database client_info.db exists."}
{"level":30,"time":1751935234478,"pid":35556,"hostname":"TomPC","msg":"Database login.db exists."}
{"level":30,"time":1751935234479,"pid":35556,"hostname":"TomPC","msg":"Database system.db exists."}
{"level":30,"time":1751935234479,"pid":35556,"hostname":"TomPC","msg":"Database usernames.db exists."}
{"level":30,"time":1751935234480,"pid":35556,"hostname":"TomPC","msg":"[2025-07-08 00:40:34] Startup checks passed. All critical files are present."}
{"level":30,"time":1751935247066,"pid":34608,"hostname":"TomPC","msg":"Startup check initiated."}
{"level":30,"time":1751935247067,"pid":34608,"hostname":"TomPC","msg":".env file exists."}
{"level":30,"time":1751935247067,"pid":34608,"hostname":"TomPC","msg":"JWT_SECRET is properly configured."}
{"level":30,"time":1751935247068,"pid":34608,"hostname":"TomPC","msg":"Database auth.db exists."}
{"level":30,"time":1751935247068,"pid":34608,"hostname":"TomPC","msg":"Database client_info.db exists."}
{"level":30,"time":1751935247069,"pid":34608,"hostname":"TomPC","msg":"Database login.db exists."}
{"level":30,"time":1751935247069,"pid":34608,"hostname":"TomPC","msg":"Database system.db exists."}
{"level":30,"time":1751935247069,"pid":34608,"hostname":"TomPC","msg":"Database usernames.db exists."}
{"level":30,"time":1751935247071,"pid":34608,"hostname":"TomPC","msg":"[2025-07-08 00:40:47] Startup checks passed. All critical files are present."}
{"level":30,"time":1751935262005,"pid":35268,"hostname":"TomPC","msg":"Startup check initiated."}
{"level":30,"time":1751935262006,"pid":35268,"hostname":"TomPC","msg":".env file exists."}
{"level":30,"time":1751935262006,"pid":35268,"hostname":"TomPC","msg":"JWT_SECRET is properly configured."}
{"level":30,"time":1751935262006,"pid":35268,"hostname":"TomPC","msg":"Database auth.db exists."}
{"level":30,"time":1751935262007,"pid":35268,"hostname":"TomPC","msg":"Database client_info.db exists."}
{"level":30,"time":1751935262007,"pid":35268,"hostname":"TomPC","msg":"Database login.db exists."}
{"level":30,"time":1751935262007,"pid":35268,"hostname":"TomPC","msg":"Database system.db exists."}
{"level":30,"time":1751935262008,"pid":35268,"hostname":"TomPC","msg":"Database usernames.db exists."}
{"level":30,"time":1751935262009,"pid":35268,"hostname":"TomPC","msg":"[2025-07-08 00:41:02] Startup checks passed. All critical files are present."}
{"level":30,"time":1751935273004,"pid":34832,"hostname":"TomPC","msg":"Startup check initiated."}
{"level":30,"time":1751935273004,"pid":34832,"hostname":"TomPC","msg":".env file exists."}
{"level":30,"time":1751935273005,"pid":34832,"hostname":"TomPC","msg":"JWT_SECRET is properly configured."}
{"level":30,"time":1751935273005,"pid":34832,"hostname":"TomPC","msg":"Database auth.db exists."}
{"level":30,"time":1751935273006,"pid":34832,"hostname":"TomPC","msg":"Database client_info.db exists."}
{"level":30,"time":1751935273007,"pid":34832,"hostname":"TomPC","msg":"Database login.db exists."}
{"level":30,"time":1751935273007,"pid":34832,"hostname":"TomPC","msg":"Database system.db exists."}
{"level":30,"time":1751935273008,"pid":34832,"hostname":"TomPC","msg":"Database usernames.db exists."}
{"level":30,"time":1751935273009,"pid":34832,"hostname":"TomPC","msg":"[2025-07-08 00:41:13] Startup checks passed. All critical files are present."}
{"level":30,"time":1751935621218,"pid":34456,"hostname":"TomPC","msg":"Startup check initiated."}
{"level":30,"time":1751935621221,"pid":34456,"hostname":"TomPC","msg":".env file exists."}
{"level":30,"time":1751935621222,"pid":34456,"hostname":"TomPC","msg":"JWT_SECRET is properly configured."}
{"level":30,"time":1751935621223,"pid":34456,"hostname":"TomPC","msg":"Database auth.db exists."}
{"level":30,"time":1751935621224,"pid":34456,"hostname":"TomPC","msg":"Database client_info.db exists."}
{"level":30,"time":1751935621224,"pid":34456,"hostname":"TomPC","msg":"Database login.db exists."}
{"level":30,"time":1751935621225,"pid":34456,"hostname":"TomPC","msg":"Database system.db exists."}
{"level":30,"time":1751935621225,"pid":34456,"hostname":"TomPC","msg":"Database usernames.db exists."}
{"level":30,"time":1751935621227,"pid":34456,"hostname":"TomPC","msg":"[2025-07-08 00:47:01] Startup checks passed. All critical files are present."}
{"level":30,"time":1751935631209,"pid":27156,"hostname":"TomPC","msg":"Startup check initiated."}
{"level":30,"time":1751935631210,"pid":27156,"hostname":"TomPC","msg":".env file exists."}
{"level":30,"time":1751935631210,"pid":27156,"hostname":"TomPC","msg":"JWT_SECRET is properly configured."}
{"level":30,"time":1751935631211,"pid":27156,"hostname":"TomPC","msg":"Database auth.db exists."}
{"level":30,"time":1751935631211,"pid":27156,"hostname":"TomPC","msg":"Database client_info.db exists."}
{"level":30,"time":1751935631212,"pid":27156,"hostname":"TomPC","msg":"Database login.db exists."}
{"level":30,"time":1751935631212,"pid":27156,"hostname":"TomPC","msg":"Database system.db exists."}
{"level":30,"time":1751935631212,"pid":27156,"hostname":"TomPC","msg":"Database usernames.db exists."}
{"level":30,"time":1751935631213,"pid":27156,"hostname":"TomPC","msg":"[2025-07-08 00:47:11] Startup checks passed. All critical files are present."}
